<?xml version="1.0" encoding="UTF-8"?>
<!-- Generated by org.testng.reporters.JUnitXMLReporter -->
<testsuite ignored="0" hostname="DESKTOP-9T08QN7" failures="0" tests="3" name="Default test" time="495.369" errors="0" timestamp="2026-01-18T23:38:43 IST">
  <testcase classname="ui_tests.TC003_Driver_AddDriver" name="TestAddDriver" time="0.633">
    <skipped/>
  </testcase> <!-- TestAddDriver -->
  <testcase classname="ui_tests.TC003_Driver_AddDriver" name="TestAddDriver" time="133.883">
    <skipped/>
  </testcase> <!-- TestAddDriver -->
  <testcase classname="ui_tests.TC003_Driver_AddDriver" name="TestAddDriver" time="126.551"/>
</testsuite> <!-- Default test -->
