<?xml version="1.0" encoding="UTF-8"?>
<!-- Generated by org.testng.reporters.JUnitReportReporter -->
<testsuite hostname="DESKTOP-9T08QN7" failures="0" tests="7" name="practice.Test001_VerifyUser" time="12.368" errors="0" timestamp="2026-01-09T00:07:54 IST" skipped="0">
  <testcase classname="practice.Test001_VerifyUser" name="TestVerifyUser" time="9.024"/>
  <testcase classname="practice.Test001_VerifyUser" name="TestVerifyUser_MissingEmail" time="0.569"/>
  <testcase classname="practice.Test001_VerifyUser" name="TestVerifyUser_MissingPhone" time="0.547"/>
  <testcase classname="practice.Test001_VerifyUser" name="TestVerifyUser_InvalidEmailFormat" time="0.665"/>
  <testcase classname="practice.Test001_VerifyUser" name="TestVerifyUser_InvalidPhoneFormat" time="0.537"/>
  <testcase classname="practice.Test001_VerifyUser" name="TestVerifyUser_MinPhoneLength" time="0.545"/>
  <testcase classname="practice.Test001_VerifyUser" name="TestVerifyUser_MaxPhoneLength" time="0.481"/>
</testsuite> <!-- practice.Test001_VerifyUser -->
