<?xml version="1.0" encoding="UTF-8"?>
<!-- Generated by org.testng.reporters.JUnitReportReporter -->
<testsuite hostname="DESKTOP-9T08QN7" failures="1" tests="7" name="api_tests.Test001_VerifyUser2" time="10.245" errors="0" timestamp="2026-01-11T23:11:28 IST" skipped="0">
  <testcase classname="api_tests.Test001_VerifyUser2" name="verifyUser_success" time="4.914">
    <failure message="Invalid HTTP status expected [201] but found [200]" type="java.lang.AssertionError">
      <![CDATA[java.lang.AssertionError: Invalid HTTP status expected [201] but found [200]
at org.testng.Assert.fail(Assert.java:111)
at org.testng.Assert.failNotEquals(Assert.java:1590)
at org.testng.Assert.assertEqualsImpl(Assert.java:150)
at org.testng.Assert.assertEquals(Assert.java:132)
at org.testng.Assert.assertEquals(Assert.java:1431)
at org.testng.Assert.assertEquals(Assert.java:1395)
at api_tests.Test001_VerifyUser2.verifyUser_success(Test001_VerifyUser2.java:39)
at java.base/jdk.internal.reflect.DirectMethodHandleAccessor.invoke(DirectMethodHandleAccessor.java:103)
at java.base/java.lang.reflect.Method.invoke(Method.java:580)
at org.testng.internal.invokers.MethodInvocationHelper.invokeMethod(MethodInvocationHelper.java:141)
at org.testng.internal.invokers.TestInvoker.invokeMethod(TestInvoker.java:687)
at org.testng.internal.invokers.TestInvoker.invokeTestMethod(TestInvoker.java:230)
at org.testng.internal.invokers.MethodRunner.runInSequence(MethodRunner.java:63)
at org.testng.internal.invokers.TestInvoker$MethodInvocationAgent.invoke(TestInvoker.java:995)
at org.testng.internal.invokers.TestInvoker.invokeTestMethods(TestInvoker.java:203)
at org.testng.internal.invokers.TestMethodWorker.invokeTestMethods(TestMethodWorker.java:154)
at org.testng.internal.invokers.TestMethodWorker.run(TestMethodWorker.java:134)
at java.base/java.util.ArrayList.forEach(ArrayList.java:1596)
at org.testng.TestRunner.privateRun(TestRunner.java:741)
at org.testng.TestRunner.run(TestRunner.java:616)
at org.testng.SuiteRunner.runTest(SuiteRunner.java:421)
at org.testng.SuiteRunner.runSequentially(SuiteRunner.java:413)
at org.testng.SuiteRunner.privateRun(SuiteRunner.java:373)
at org.testng.SuiteRunner.run(SuiteRunner.java:312)
at org.testng.SuiteRunnerWorker.runSuite(SuiteRunnerWorker.java:52)
at org.testng.SuiteRunnerWorker.run(SuiteRunnerWorker.java:95)
at org.testng.TestNG.runSuitesSequentially(TestNG.java:1274)
at org.testng.TestNG.runSuitesLocally(TestNG.java:1208)
at org.testng.TestNG.runSuites(TestNG.java:1112)
at org.testng.TestNG.run(TestNG.java:1079)
at org.testng.remote.AbstractRemoteTestNG.run(AbstractRemoteTestNG.java:115)
at org.testng.remote.RemoteTestNG.initAndRun(RemoteTestNG.java:293)
at org.testng.remote.RemoteTestNG.main(RemoteTestNG.java:91)
]]>
    </failure>
  </testcase> <!-- verifyUser_success -->
  <testcase classname="api_tests.Test001_VerifyUser2" name="verifyUser_missingEmail" time="1.035"/>
  <testcase classname="api_tests.Test001_VerifyUser2" name="verifyUser_missingPhone" time="0.781"/>
  <testcase classname="api_tests.Test001_VerifyUser2" name="verifyUser_invalidEmailFormat" time="0.759"/>
  <testcase classname="api_tests.Test001_VerifyUser2" name="verifyUser_invalidPhoneFormat" time="0.857"/>
  <testcase classname="api_tests.Test001_VerifyUser2" name="verifyUser_minPhoneLength" time="1.034"/>
  <testcase classname="api_tests.Test001_VerifyUser2" name="verifyUser_maxPhoneLength" time="0.865"/>
</testsuite> <!-- api_tests.Test001_VerifyUser2 -->
