<?xml version="1.0" encoding="UTF-8"?>
<!-- Generated by org.testng.reporters.JUnitReportReporter -->
<testsuite hostname="DESKTOP-9T08QN7" failures="0" tests="3" name="ui_tests.TC003_Driver_AddDriver" time="495.186" errors="0" timestamp="2026-01-18T23:38:44 IST" skipped="2">
  <testcase classname="ui_tests.TC003_Driver_AddDriver" name="TestAddDriver" time="154.105">
    <skipped/>
  </testcase> <!-- TestAddDriver -->
  <testcase classname="ui_tests.TC003_Driver_AddDriver" name="TestAddDriver" time="202.954">
    <skipped/>
  </testcase> <!-- TestAddDriver -->
  <testcase classname="ui_tests.TC003_Driver_AddDriver" name="TestAddDriver" time="138.127"/>
</testsuite> <!-- ui_tests.TC003_Driver_AddDriver -->
